{"userId":"2096482497","chatId":"2096482497","time":"2024-11-30T13:20:57.666Z"}
{"userId":"2096482497","chatId":"2096482497","time":"2024-11-30T13:22:42.726Z"}
{"userId":"926346198","chatId":"926346198","time":"2024-11-30T14:04:11.326Z"}
{"userId":"926346198","chatId":"926346198","time":"2024-11-30T14:04:11.327Z"}
{"userId":"926346198","chatId":"926346198","time":"2024-11-30T14:04:11.329Z"}
{"username":"Nante_koneko","userId":"2096482497","chatId":"2096482497","time":"2024-11-30T14:48:06.437Z"}
{"username":"Max_ka7","userId":"933176492","chatId":"933176492","time":"2024-12-01T17:09:03.143Z"}
{"username":"Max_ka7","userId":"933176492","chatId":"933176492","time":"2024-12-01T17:09:03.145Z"}
{"username":"Max_ka7","userId":"933176492","chatId":"933176492","time":"2024-12-01T20:46:38.736Z"}
{"username":"Max_ka7","userId":"933176492","chatId":"933176492","time":"2024-12-01T20:47:27.206Z"}
{"username":"Max_ka7","userId":"933176492","chatId":"933176492","time":"2024-12-01T20:47:27.216Z"}
{"username":"Max_ka7","userId":"933176492","chatId":"933176492","time":"2024-12-01T20:47:27.221Z"}
{"username":"Max_ka7","userId":"933176492","chatId":"933176492","time":"2024-12-01T20:47:27.227Z"}
{"username":"Max_ka7","userId":"933176492","chatId":"933176492","time":"2024-12-01T20:47:27.232Z"}
{"username":"Max_ka7","userId":"933176492","chatId":"933176492","time":"2024-12-01T20:47:46.317Z"}
{"username":"Max_ka7","userId":"933176492","chatId":"933176492","time":"2024-12-01T20:51:46.677Z"}
{"username":"Analoy_A","userId":"787013238","chatId":"787013238","time":"2024-12-10T07:47:11.284Z"}
{"username":"Analoy_A","userId":"787013238","chatId":"787013238","time":"2024-12-10T07:47:15.587Z"}
{"username":"Analoy_A","userId":"787013238","chatId":"787013238","time":"2024-12-10T07:48:37.814Z"}
{"username":"Illya_li","userId":"7177930122","chatId":"7177930122","time":"2024-12-10T11:04:46.309Z"}
{"username":"Illya_li","userId":"7177930122","chatId":"7177930122","time":"2024-12-10T11:04:49.993Z"}
{"username":"Illya_li","userId":"7177930122","chatId":"7177930122","time":"2024-12-10T11:08:38.764Z"}
{"username":"Illya_li","userId":"7177930122","chatId":"7177930122","time":"2024-12-10T11:08:38.766Z"}
{"username":"Illya_li","userId":"7177930122","chatId":"7177930122","time":"2024-12-10T12:20:30.148Z"}
{"username":"Illya_li","userId":"7177930122","chatId":"7177930122","time":"2024-12-10T12:52:26.150Z"}
{"username":"Illya_li","userId":"7177930122","chatId":"7177930122","time":"2024-12-10T12:53:18.487Z"}
{"username":"neurocipher","userId":"382671696","chatId":"382671696","time":"2024-12-10T13:11:37.572Z"}
{"username":"neurocipher","userId":"382671696","chatId":"382671696","time":"2024-12-10T13:11:40.129Z"}
{"username":"neurocipher","userId":"382671696","chatId":"382671696","time":"2024-12-10T13:17:11.062Z"}
{"username":"neurocipher","userId":"382671696","chatId":"382671696","time":"2024-12-10T13:17:43.753Z"}
{"username":"neurocipher","userId":"382671696","chatId":"382671696","time":"2024-12-10T13:19:07.796Z"}
